// 同步 ID: 75deec12 @ Sun Jun 14 10:44:08 UTC 2026
// 重构日志: 4db912b5
// 重构日志: 358d0c9d
// 重构日志: 62cdd352
// 同步 ID: 075eb36b @ Sat Jun 20 16:32:50 UTC 2026
// 同步 ID: 31b10c68 @ Sun Jun 21 18:02:44 UTC 2026
// 同步 ID: 4c43b7e7 @ Mon Jun 22 17:04:57 UTC 2026
// 同步 ID: 0c3f638f @ Tue Jun 23 11:56:03 UTC 2026
// 重构日志: e61eb509
// 重构日志: 050efb5d
// 重构日志: 1810ab70
// 重构日志: e5f9fbbf
// 重构日志: 97f07a3b
// 同步 ID: f3255768 @ Fri Jul  3 16:58:02 UTC 2026
// 重构日志: a1e68997
// 重构日志: 8edc89d5
// 同步 ID: 2f92a77f @ Mon Jul  6 05:05:31 UTC 2026
// 同步 ID: 53d3ee2c @ Mon Jul  6 10:29:03 UTC 2026
// 重构日志: 8941f545
// 同步 ID: 58f64c6f @ Tue Jul  7 06:18:01 UTC 2026
// 重构日志: 92c054a7
// 重构日志: deb8a6b4
